<?xml version="1.0" encoding="UTF-8"?>
<!-- Generated by org.testng.reporters.JUnitXMLReporter -->
<testsuite hostname="Bluetie-Tester-Poornima" name=" InstantHome Regression suite " tests="11" failures="0" timestamp="29 Jan 2020 09:39:22 GMT" time="131.001" errors="0">
  <testcase name="@BeforeMethod setUp" time="0.0" classname="com.qa.ihm.tests.HomePageTest">
    <failure type="org.openqa.selenium.WebDriverException" message="chrome not reachable
  (Session info: chrome=79.0.3945.130)
Build info: version: &amp;apos;3.141.59&amp;apos;, revision: &amp;apos;e82be7d358&amp;apos;, time: &amp;apos;2018-11-14T08:17:03&amp;apos;
System info: host: &amp;apos;BLUETIE-TESTER-&amp;apos;, ip: &amp;apos;10.1.2.42&amp;apos;, os.name: &amp;apos;Windows 10&amp;apos;, os.arch: &amp;apos;amd64&amp;apos;, os.version: &amp;apos;10.0&amp;apos;, java.version: &amp;apos;1.8.0_141&amp;apos;
Driver info: org.openqa.selenium.chrome.ChromeDriver
Capabilities {acceptInsecureCerts: false, browserName: chrome, browserVersion: 79.0.3945.130, chrome: {chromedriverVersion: 79.0.3945.36 (3582db32b3389..., userDataDir: C:\Users\BLUETI~1\AppData\L...}, goog:chromeOptions: {debuggerAddress: localhost:58465}, javascriptEnabled: true, networkConnectionEnabled: false, pageLoadStrategy: normal, platform: WINDOWS, platformName: WINDOWS, proxy: Proxy(), setWindowRect: true, strictFileInteractability: false, timeouts: {implicit: 0, pageLoad: 300000, script: 30000}, unhandledPromptBehavior: dismiss and notify}
Session ID: 3e694134910fd57b74af1e936f2158a8">
      <![CDATA[org.openqa.selenium.WebDriverException: chrome not reachable
  (Session info: chrome=79.0.3945.130)
Build info: version: '3.141.59', revision: 'e82be7d358', time: '2018-11-14T08:17:03'
System info: host: 'BLUETIE-TESTER-', ip: '10.1.2.42', os.name: 'Windows 10', os.arch: 'amd64', os.version: '10.0', java.version: '1.8.0_141'
Driver info: org.openqa.selenium.chrome.ChromeDriver
Capabilities {acceptInsecureCerts: false, browserName: chrome, browserVersion: 79.0.3945.130, chrome: {chromedriverVersion: 79.0.3945.36 (3582db32b3389..., userDataDir: C:\Users\BLUETI~1\AppData\L...}, goog:chromeOptions: {debuggerAddress: localhost:58465}, javascriptEnabled: true, networkConnectionEnabled: false, pageLoadStrategy: normal, platform: WINDOWS, platformName: WINDOWS, proxy: Proxy(), setWindowRect: true, strictFileInteractability: false, timeouts: {implicit: 0, pageLoad: 300000, script: 30000}, unhandledPromptBehavior: dismiss and notify}
Session ID: 3e694134910fd57b74af1e936f2158a8
	at org.openqa.selenium.remote.http.W3CHttpResponseCodec.createException(W3CHttpResponseCodec.java:187)
	at org.openqa.selenium.remote.http.W3CHttpResponseCodec.decode(W3CHttpResponseCodec.java:122)
	at org.openqa.selenium.remote.http.W3CHttpResponseCodec.decode(W3CHttpResponseCodec.java:49)
	at org.openqa.selenium.remote.HttpCommandExecutor.execute(HttpCommandExecutor.java:158)
	at org.openqa.selenium.remote.service.DriverCommandExecutor.execute(DriverCommandExecutor.java:83)
	at org.openqa.selenium.remote.RemoteWebDriver.execute(RemoteWebDriver.java:552)
	at org.openqa.selenium.remote.RemoteWebDriver.execute(RemoteWebDriver.java:609)
	at org.openqa.selenium.remote.RemoteWebDriver$RemoteWebDriverOptions.deleteAllCookies(RemoteWebDriver.java:694)
	at com.qa.ihm.base.Testbase.intilization(Testbase.java:57)
	at com.qa.ihm.tests.HomePageTest.setUp(HomePageTest.java:29)
... Removed 30 stack frames]]>
    </failure>
  </testcase> <!-- @BeforeMethod setUp -->
  <testcase name="@AfterMethod TearDown" time="0.0" classname="com.qa.ihm.tests.HomePageTest">
    <skipped/>
  </testcase> <!-- @AfterMethod TearDown -->
  <testcase name="@BeforeMethod setUp" time="0.0" classname="com.qa.ihm.tests.HomePageTest">
    <skipped/>
  </testcase> <!-- @BeforeMethod setUp -->
  <testcase name="@AfterMethod TearDown" time="0.0" classname="com.qa.ihm.tests.HomePageTest">
    <skipped/>
  </testcase> <!-- @AfterMethod TearDown -->
  <testcase name="@BeforeMethod setUp" time="0.0" classname="com.qa.ihm.tests.HomePageTest">
    <skipped/>
  </testcase> <!-- @BeforeMethod setUp -->
  <testcase name="@AfterMethod TearDown" time="0.0" classname="com.qa.ihm.tests.HomePageTest">
    <skipped/>
  </testcase> <!-- @AfterMethod TearDown -->
  <testcase name="@BeforeMethod setUp" time="0.0" classname="com.qa.ihm.tests.HomePageTest">
    <skipped/>
  </testcase> <!-- @BeforeMethod setUp -->
  <testcase name="@AfterMethod TearDown" time="0.0" classname="com.qa.ihm.tests.HomePageTest">
    <skipped/>
  </testcase> <!-- @AfterMethod TearDown -->
  <testcase name="findhomebtnTest" time="0.182" classname="com.qa.ihm.tests.HomePageTest"/>
  <testcase name="verifyLoginlinkTest" time="0.102" classname="com.qa.ihm.tests.LoginPageTest"/>
  <testcase name="homebtnclickTest" time="0.413" classname="com.qa.ihm.tests.HomePageTest"/>
  <testcase name="ContinuewithPhnTest" time="0.191" classname="com.qa.ihm.tests.LoginPageTest"/>
  <testcase name="findbuybtnTest" time="0.232" classname="com.qa.ihm.tests.HomePageTest"/>
  <testcase name="loginTest" time="0.277" classname="com.qa.ihm.tests.LoginPageTest"/>
  <testcase name="buybtnclickTest" time="0.349" classname="com.qa.ihm.tests.HomePageTest"/>
  <testcase name="findrentbtnTest" time="0.002" classname="com.qa.ihm.tests.HomePageTest">
    <skipped/>
  </testcase> <!-- findrentbtnTest -->
  <testcase name="rebtbtnclickTest" time="0.002" classname="com.qa.ihm.tests.HomePageTest">
    <skipped/>
  </testcase> <!-- rebtbtnclickTest -->
  <testcase name="continuebtnclickTest" time="0.001" classname="com.qa.ihm.tests.HomePageTest">
    <skipped/>
  </testcase> <!-- continuebtnclickTest -->
  <testcase name="selllinkTest" time="0.001" classname="com.qa.ihm.tests.HomePageTest">
    <skipped/>
  </testcase> <!-- selllinkTest -->
</testsuite> <!--  InstantHome Regression suite  -->
